2018-10-25 13:17:57.027 [info] <0.42.0> Application logger started on node nonode@nohost
2018-10-25 13:17:57.032 [info] <0.42.0> Application xmerl started on node nonode@nohost
2018-10-25 13:17:57.034 [info] <0.42.0> Application jsx started on node nonode@nohost
2018-10-25 13:17:57.038 [info] <0.42.0> Application ranch started on node nonode@nohost
2018-10-25 13:17:57.039 [info] <0.42.0> Application ranch_proxy_protocol started on node nonode@nohost
2018-10-25 13:17:57.040 [info] <0.42.0> Application recon started on node nonode@nohost
2018-10-25 13:17:57.040 [info] <0.42.0> Application rabbit_common started on node nonode@nohost
2018-10-25 13:17:57.046 [info] <0.42.0> Application amqp_client started on node nonode@nohost
2018-10-25 13:17:57.046 [info] <0.42.0> Application amqp started on node nonode@nohost
2018-10-25 13:17:57.046 [info] <0.42.0> Application elixir_mq_db_api_poc started on node nonode@nohost
2018-10-25 13:39:40.923 [info] <0.42.0> Application logger started on node nonode@nohost
2018-10-25 13:39:40.929 [info] <0.42.0> Application xmerl started on node nonode@nohost
2018-10-25 13:39:40.930 [info] <0.42.0> Application jsx started on node nonode@nohost
2018-10-25 13:39:40.936 [info] <0.42.0> Application ranch started on node nonode@nohost
2018-10-25 13:39:40.937 [info] <0.42.0> Application ranch_proxy_protocol started on node nonode@nohost
2018-10-25 13:39:40.938 [info] <0.42.0> Application recon started on node nonode@nohost
2018-10-25 13:39:40.938 [info] <0.42.0> Application rabbit_common started on node nonode@nohost
2018-10-25 13:39:40.946 [info] <0.42.0> Application amqp_client started on node nonode@nohost
2018-10-25 13:39:40.946 [info] <0.42.0> Application amqp started on node nonode@nohost
2018-10-25 13:39:40.948 [info] <0.42.0> Application elixir_mq_db_api_poc started on node nonode@nohost
2018-10-25 13:47:36.040 [info] <0.42.0> Application logger started on node nonode@nohost
2018-10-25 13:47:36.047 [info] <0.42.0> Application xmerl started on node nonode@nohost
2018-10-25 13:47:36.049 [info] <0.42.0> Application jsx started on node nonode@nohost
2018-10-25 13:47:36.055 [info] <0.42.0> Application ranch started on node nonode@nohost
2018-10-25 13:47:36.056 [info] <0.42.0> Application ranch_proxy_protocol started on node nonode@nohost
2018-10-25 13:47:36.057 [info] <0.42.0> Application recon started on node nonode@nohost
2018-10-25 13:47:36.057 [info] <0.42.0> Application rabbit_common started on node nonode@nohost
2018-10-25 13:47:36.067 [info] <0.42.0> Application amqp_client started on node nonode@nohost
2018-10-25 13:47:36.067 [info] <0.42.0> Application amqp started on node nonode@nohost
2018-10-25 13:47:36.067 [info] <0.42.0> Application elixir_mq_db_api_poc started on node nonode@nohost
